<?xml version="1.0" encoding="UTF-8"?>
<!-- Generated by org.testng.reporters.JUnitXMLReporter -->
<testsuite ignored="1" hostname="HIN-HZGW2Z2-LT" failures="0" tests="1" name="Default test" time="72.7" errors="0" timestamp="2022-04-07T20:58:33 IST">
  <testcase classname="com.org.test.MonthlyEnrollmentTest" name="VerifyAddResident" time="15.81"/>
  <testcase classname="com.org.test.MonthlyEnrollmentTest" name="verifyPropertySearch" time="0.0">
    <ignored/>
  </testcase> <!-- verifyPropertySearch -->
</testsuite> <!-- Default test -->
