<?xml version="1.0" encoding="UTF-8"?>
<testng-results ignored="1" total="2" passed="1" failed="0" skipped="0">
  <reporter-output>
  </reporter-output>
  <suite started-at="2022-04-07T20:57:21 IST" name="Default suite" finished-at="2022-04-07T20:58:33 IST" duration-ms="72700">
    <groups>
    </groups>
    <test started-at="2022-04-07T20:57:21 IST" name="Default test" finished-at="2022-04-07T20:58:33 IST" duration-ms="72700">
      <class name="com.org.test.MonthlyEnrollmentTest">
        <test-method is-config="true" signature="initialize()[pri:0, instance:com.org.test.MonthlyEnrollmentTest@1aa7ecca]" started-at="2022-04-07T20:57:21 IST" name="initialize" finished-at="2022-04-07T20:57:21 IST" duration-ms="150" status="PASS">
          <reporter-output>
          </reporter-output>
        </test-method> <!-- initialize -->
        <test-method is-config="true" signature="openBrowser(java.lang.reflect.Method)[pri:0, instance:com.org.test.MonthlyEnrollmentTest@1aa7ecca]" started-at="2022-04-07T20:57:21 IST" name="openBrowser" finished-at="2022-04-07T20:57:45 IST" duration-ms="24394" status="PASS">
          <params>
            <param index="0">
              <value>
                <![CDATA[public void com.org.test.MonthlyEnrollmentTest.VerifyAddResident() throws java.lang.InterruptedException]]>
              </value>
            </param>
          </params>
          <reporter-output>
          </reporter-output>
        </test-method> <!-- openBrowser -->
        <test-method is-config="true" signature="login()[pri:0, instance:com.org.test.MonthlyEnrollmentTest@1aa7ecca]" started-at="2022-04-07T20:57:45 IST" name="login" finished-at="2022-04-07T20:58:17 IST" depends-on-methods="com.org.globaltest.BaseTest.openBrowser" duration-ms="31551" status="PASS">
          <reporter-output>
          </reporter-output>
        </test-method> <!-- login -->
        <test-method signature="VerifyAddResident()[pri:1, instance:com.org.test.MonthlyEnrollmentTest@1aa7ecca]" started-at="2022-04-07T20:58:17 IST" name="VerifyAddResident" finished-at="2022-04-07T20:58:32 IST" duration-ms="15810" status="PASS">
          <reporter-output>
          </reporter-output>
        </test-method> <!-- VerifyAddResident -->
        <test-method is-config="true" signature="closeBrowser()[pri:0, instance:com.org.test.MonthlyEnrollmentTest@1aa7ecca]" started-at="2022-04-07T20:58:33 IST" name="closeBrowser" finished-at="2022-04-07T20:58:33 IST" duration-ms="885" status="PASS">
          <reporter-output>
          </reporter-output>
        </test-method> <!-- closeBrowser -->
      </class> <!-- com.org.test.MonthlyEnrollmentTest -->
    </test> <!-- Default test -->
  </suite> <!-- Default suite -->
</testng-results>
